<?xml version="1.0" encoding="UTF-8"?>
<coverage generated="1644099102148" clover="3.2.0">
  <project timestamp="1644099102148" name="All files">
    <metrics statements="18" coveredstatements="4" conditionals="2" coveredconditionals="0" methods="5" coveredmethods="1" elements="25" coveredelements="5" complexity="0" loc="18" ncloc="18" packages="1" files="2" classes="2"/>
    <file name="formHandler.js" path="E:\Evaluate-news-nlp-main\src\client\js\formHandler.js">
      <metrics statements="16" coveredstatements="2" conditionals="2" coveredconditionals="0" methods="4" coveredmethods="0"/>
      <line num="4" count="1" type="stmt"/>
      <line num="5" count="0" type="stmt"/>
      <line num="7" count="0" type="stmt"/>
      <line num="8" count="0" type="stmt"/>
      <line num="9" count="0" type="stmt"/>
      <line num="11" count="0" type="cond" truecount="0" falsecount="2"/>
      <line num="12" count="0" type="stmt"/>
      <line num="14" count="0" type="stmt"/>
      <line num="15" count="0" type="stmt"/>
      <line num="17" count="0" type="stmt"/>
      <line num="21" count="1" type="stmt"/>
      <line num="22" count="0" type="stmt"/>
      <line num="23" count="0" type="stmt"/>
      <line num="24" count="0" type="stmt"/>
      <line num="25" count="0" type="stmt"/>
      <line num="26" count="0" type="stmt"/>
    </file>
    <file name="urlChecker.js" path="E:\Evaluate-news-nlp-main\src\client\js\urlChecker.js">
      <metrics statements="2" coveredstatements="2" conditionals="0" coveredconditionals="0" methods="1" coveredmethods="1"/>
      <line num="4" count="1" type="stmt"/>
      <line num="13" count="1" type="stmt"/>
    </file>
  </project>
</coverage>
