{"E:\\Evaluate-news-nlp-main\\src\\client\\js\\formHandler.js": {"path":"E:\\Evaluate-news-nlp-main\\src\\client\\js\\formHandler.js","statementMap":{"0":{"start":{"line":4,"column":21},"end":{"line":19,"column":1}},"1":{"start":{"line":5,"column":1},"end":{"line":5,"column":20}},"2":{"start":{"line":7,"column":11},"end":{"line":7,"column":52}},"3":{"start":{"line":8,"column":1},"end":{"line":8,"column":39}},"4":{"start":{"line":9,"column":1},"end":{"line":9,"column":43}},"5":{"start":{"line":11,"column":1},"end":{"line":18,"column":2}},"6":{"start":{"line":12,"column":2},"end":{"line":15,"column":50}},"7":{"start":{"line":14,"column":18},"end":{"line":14,"column":36}},"8":{"start":{"line":15,"column":21},"end":{"line":15,"column":48}},"9":{"start":{"line":17,"column":2},"end":{"line":17,"column":52}},"10":{"start":{"line":21,"column":17},"end":{"line":27,"column":1}},"11":{"start":{"line":22,"column":1},"end":{"line":22,"column":83}},"12":{"start":{"line":23,"column":1},"end":{"line":23,"column":85}},"13":{"start":{"line":24,"column":1},"end":{"line":24,"column":94}},"14":{"start":{"line":25,"column":1},"end":{"line":25,"column":88}},"15":{"start":{"line":26,"column":1},"end":{"line":26,"column":73}}},"fnMap":{"0":{"name":"(anonymous_0)","decl":{"start":{"line":4,"column":21},"end":{"line":4,"column":22}},"loc":{"start":{"line":4,"column":34},"end":{"line":19,"column":1}},"line":4},"1":{"name":"(anonymous_1)","decl":{"start":{"line":14,"column":9},"end":{"line":14,"column":10}},"loc":{"start":{"line":14,"column":18},"end":{"line":14,"column":36}},"line":14},"2":{"name":"(anonymous_2)","decl":{"start":{"line":15,"column":10},"end":{"line":15,"column":11}},"loc":{"start":{"line":15,"column":21},"end":{"line":15,"column":48}},"line":15},"3":{"name":"(anonymous_3)","decl":{"start":{"line":21,"column":17},"end":{"line":21,"column":18}},"loc":{"start":{"line":21,"column":37},"end":{"line":27,"column":1}},"line":21}},"branchMap":{"0":{"loc":{"start":{"line":11,"column":1},"end":{"line":18,"column":2}},"type":"if","locations":[{"start":{"line":11,"column":1},"end":{"line":18,"column":2}},{"start":{"line":11,"column":1},"end":{"line":18,"column":2}}],"line":11}},"s":{"0":1,"1":0,"2":0,"3":0,"4":0,"5":0,"6":0,"7":0,"8":0,"9":0,"10":1,"11":0,"12":0,"13":0,"14":0,"15":0},"f":{"0":0,"1":0,"2":0,"3":0},"b":{"0":[0,0]},"_coverageSchema":"1a1c01bbd47fc00a2c39e90264f33305004495a9","hash":"592eea31a450e93b5a1198a9f5aa1f551949b3fb"}
,"E:\\Evaluate-news-nlp-main\\src\\client\\js\\urlChecker.js": {"path":"E:\\Evaluate-news-nlp-main\\src\\client\\js\\urlChecker.js","statementMap":{"0":{"start":{"line":4,"column":15},"end":{"line":12,"column":2}},"1":{"start":{"line":13,"column":1},"end":{"line":13,"column":28}}},"fnMap":{"0":{"name":"urlCheck","decl":{"start":{"line":3,"column":9},"end":{"line":3,"column":17}},"loc":{"start":{"line":3,"column":23},"end":{"line":14,"column":1}},"line":3}},"branchMap":{},"s":{"0":1,"1":1},"f":{"0":1},"b":{},"_coverageSchema":"1a1c01bbd47fc00a2c39e90264f33305004495a9","hash":"a8c8cb8b5ae8f6d93e33b74d1889356888bd31f9"}
}
